Launcher pod spec file: .nextflow.pod.yaml
Pod submitted: wise-mcclintock .. waiting to start[2KPod started: wise-mcclintock
mv: cannot move ‘/data/launch/nxf-tmp.WtIhjw’ to ‘.//usr/local/bin/nextflow’: No such file or directory
N E X T F L O W  ~  version 22.09.7-edge
Launching `/input/pipelines/sarek/main.nf` [wise-mcclintock] DSL2 - revision: c2275107d1

WARN: Found unexpected parameters:
* --test_data_base: https://raw.githubusercontent.com/nf-core/test-datasets/modules
- [2mIgnore this warning: params.schema_ignore_params = "test_data_base" [0m



-[2m----------------------------------------------------[0m-
                                        [0;32m,--.[0;30m/[0;32m,-.[0m
[0;34m        ___     __   __   __   ___     [0;32m/,-._.--~'[0m
[0;34m  |\ | |__  __ /  ` /  \ |__) |__         [0;33m}  {[0m
[0;34m  | \| |       \__, \__/ |  \ |___     [0;32m\`-._,-`-,[0m
                                        [0;32m`._,._,'[0m
[0;37m      ____[0m
[0;37m    .´ _  `.[0m
[0;37m   /  [0;32m|\[0m`-_ \[0m     [0;34m __        __   ___     [0m
[0;37m  |   [0;32m| \[0m  `-|[0m    [0;34m|__`  /\  |__) |__  |__/[0m
[0;37m   \ [0;32m|   \[0m  /[0m     [0;34m.__| /¯¯\ |  \ |___ |  \[0m
[0;37m    `[0;32m|[0m____[0;32m\[0m´[0m

[0;35m  nf-core/sarek v3.0.2[0m
-[2m----------------------------------------------------[0m-
[1mCore Nextflow options[0m
  [0;34mrunName                   : [0;32mwise-mcclintock[0m
  [0;34mlaunchDir                 : [0;32m/data/launch[0m
  [0;34mworkDir                   : [0;32m/data/work[0m
  [0;34mprojectDir                : [0;32m/input/pipelines/sarek[0m
  [0;34muserName                  : [0;32mroot[0m
  [0;34mprofile                   : [0;32mtest[0m
  [0;34mconfigFiles               : [0;32m/input/pipelines/sarek/nextflow.config, /data/launch/nextflow.config[0m

[1mInput/output options[0m
  [0;34minput                     : [0;32m/input/sarek/input.csv[0m
  [0;34moutdir                    : [0;32m/data/output[0m

[1mMain options[0m
  [0;34msplit_fastq               : [0;32m0[0m
  [0;34mintervals                 : [0;32m/input/sarek/reference/genome.interval_list[0m
  [0;34mtools                     : [0;32mstrelka[0m

[1mReference genome options[0m
  [0;34mgenome                    : [0;32mnull[0m
  [0;34mdbsnp                     : [0;32m/input/sarek/reference/dbsnp_146.hg38.vcf.gz[0m
  [0;34mfasta                     : [0;32m/input/sarek/reference/genome.fasta[0m
  [0;34mgermline_resource         : [0;32m/input/sarek/reference/gnomAD.r2.1.1.vcf.gz[0m
  [0;34mknown_indels              : [0;32m/input/sarek/reference/mills_and_1000G.indels.vcf.gz[0m
  [0;34msnpeff_db                 : [0;32mWBcel235.105[0m
  [0;34msnpeff_genome             : [0;32mWBcel235[0m
  [0;34msnpeff_version            : [0;32m5.1[0m
  [0;34mvep_genome                : [0;32mWBcel235[0m
  [0;34mvep_species               : [0;32mcaenorhabditis_elegans[0m
  [0;34mvep_cache_version         : [0;32m106[0m
  [0;34mvep_version               : [0;32m106.1[0m
  [0;34migenomes_base             : [0;32ms3://ngi-igenomes/igenomes[0m
  [0;34migenomes_ignore           : [0;32mtrue[0m

[1mInstitutional config options[0m
  [0;34mconfig_profile_name       : [0;32mTest profile[0m
  [0;34mconfig_profile_description: [0;32mMinimal test dataset to check pipeline function[0m

[1mMax job request options[0m
  [0;34mmax_cpus                  : [0;32m6[0m
  [0;34mmax_memory                : [0;32m50 GB[0m
  [0;34mmax_time                  : [0;32m8.h[0m

!! Only displaying parameters that differ from the pipeline defaults !!
-[2m----------------------------------------------------[0m-
If you use nf-core/sarek for your analysis please cite:

* The pipeline
  https://doi.org/10.12688/f1000research.16665.2
  https://doi.org/10.5281/zenodo.4468605

* The nf-core framework
  https://doi.org/10.1038/s41587-020-0439-x

* Software dependencies
  https://github.com/nf-core/sarek/blob/master/CITATIONS.md
-[2m----------------------------------------------------[0m-
WARN: There's no process matching config selector: .*:FREEC_SOMATIC -- Did you mean: FREEC_SOMATIC?
WARN: There's no process matching config selector: .*:FILTERVARIANTTRANCHES -- Did you mean: FILTERVARIANTTRANCHES?
WARN: There's no process matching config selector: NFCORE_SAREK:SAREK:GERMLINE_VARIANT_CALLING:RUN_HAPLOTYPECALLER:JOINT_GERMLINE:BCFTOOLS_SORT
[d1/8c1382] Submitted process > NFCORE_SAREK:SAREK:PREPARE_GENOME:TABIX_DBSNP (dbsnp_146.hg38.vcf)
[af/1ad405] Submitted process > NFCORE_SAREK:SAREK:PREPARE_INTERVALS:CREATE_INTERVALS_BED (genome.interval_list)
[ce/516879] Submitted process > NFCORE_SAREK:SAREK:PREPARE_GENOME:GATK4_CREATESEQUENCEDICTIONARY (genome.fasta)
[31/9e1489] Submitted process > NFCORE_SAREK:SAREK:PREPARE_GENOME:BWAMEM1_INDEX (genome.fasta)
[f0/89e050] Submitted process > NFCORE_SAREK:SAREK:RUN_FASTQC:FASTQC (test2-test_L1)
[46/7126ff] Submitted process > NFCORE_SAREK:SAREK:PREPARE_GENOME:TABIX_KNOWN_INDELS (mills_and_1000G.indels.vcf)
[7f/9531b1] Submitted process > NFCORE_SAREK:SAREK:PREPARE_INTERVALS:GATK4_INTERVALLISTTOBED (genome)
[15/68ac2e] Submitted process > NFCORE_SAREK:SAREK:RUN_FASTQC:FASTQC (test1-test_L1)
[58/fcf707] Submitted process > NFCORE_SAREK:SAREK:PREPARE_GENOME:SAMTOOLS_FAIDX (genome.fasta)
[cf/ad2f84] Submitted process > NFCORE_SAREK:SAREK:RUN_FASTQC:FASTQC (test3-test_L1)
[bf/55a0e4] Submitted process > NFCORE_SAREK:SAREK:RUN_FASTQC:FASTQC (test4-test_L1)
[9c/dfc7c6] Submitted process > NFCORE_SAREK:SAREK:RUN_FASTQC:FASTQC (test7-test_L1)
[8f/5adf21] Submitted process > NFCORE_SAREK:SAREK:RUN_FASTQC:FASTQC (test8-test_L1)
[fb/009056] Submitted process > NFCORE_SAREK:SAREK:PREPARE_INTERVALS:TABIX_BGZIPTABIX_INTERVAL_SPLIT (chr22_1-40001)
[63/7ce4c3] Submitted process > NFCORE_SAREK:SAREK:GATK4_MAPPING:BWAMEM1_MEM (test1)
[60/b60d32] Submitted process > NFCORE_SAREK:SAREK:GATK4_MAPPING:BWAMEM1_MEM (test2)
[29/ecbde9] Submitted process > NFCORE_SAREK:SAREK:GATK4_MAPPING:BWAMEM1_MEM (test3)
[d7/464cff] Submitted process > NFCORE_SAREK:SAREK:GATK4_MAPPING:BWAMEM1_MEM (test4)
[b5/42782e] Submitted process > NFCORE_SAREK:SAREK:GATK4_MAPPING:BWAMEM1_MEM (test7)
[4f/1776a6] Submitted process > NFCORE_SAREK:SAREK:GATK4_MAPPING:BWAMEM1_MEM (test8)
[8c/897e6f] Submitted process > NFCORE_SAREK:SAREK:MARKDUPLICATES:GATK4_MARKDUPLICATES (test2)
[3f/544ed9] Submitted process > NFCORE_SAREK:SAREK:MARKDUPLICATES:GATK4_MARKDUPLICATES (test1)
[13/f52058] Submitted process > NFCORE_SAREK:SAREK:MARKDUPLICATES:GATK4_MARKDUPLICATES (test7)
[e3/ca5d66] Submitted process > NFCORE_SAREK:SAREK:MARKDUPLICATES:GATK4_MARKDUPLICATES (test8)
[fb/319b2f] Submitted process > NFCORE_SAREK:SAREK:MARKDUPLICATES:GATK4_MARKDUPLICATES (test4)
[87/8b8c74] Submitted process > NFCORE_SAREK:SAREK:MARKDUPLICATES:BAM_TO_CRAM:SAMTOOLS_BAMTOCRAM (test2)
[f7/ee9d15] Submitted process > NFCORE_SAREK:SAREK:MARKDUPLICATES:BAM_TO_CRAM:SAMTOOLS_BAMTOCRAM (test1)
[00/84460b] Submitted process > NFCORE_SAREK:SAREK:MARKDUPLICATES:GATK4_MARKDUPLICATES (test3)
[17/4f8d2c] Submitted process > NFCORE_SAREK:SAREK:MARKDUPLICATES:BAM_TO_CRAM:SAMTOOLS_BAMTOCRAM (test7)
[29/ddfe23] Submitted process > NFCORE_SAREK:SAREK:MARKDUPLICATES:BAM_TO_CRAM:SAMTOOLS_STATS_CRAM (test2)
[88/65c3ab] Submitted process > NFCORE_SAREK:SAREK:MARKDUPLICATES:BAM_TO_CRAM:MOSDEPTH (test2)
[42/effdda] Submitted process > NFCORE_SAREK:SAREK:PREPARE_RECALIBRATION:BASERECALIBRATOR (test2)
[2b/8b275e] Submitted process > NFCORE_SAREK:SAREK:MARKDUPLICATES:BAM_TO_CRAM:SAMTOOLS_BAMTOCRAM (test8)
[b5/695db3] Submitted process > NFCORE_SAREK:SAREK:MARKDUPLICATES:BAM_TO_CRAM:SAMTOOLS_STATS_CRAM (test1)
[c1/c4c661] Submitted process > NFCORE_SAREK:SAREK:MARKDUPLICATES:BAM_TO_CRAM:MOSDEPTH (test1)
[91/7711a7] Submitted process > NFCORE_SAREK:SAREK:PREPARE_RECALIBRATION:BASERECALIBRATOR (test1)
[ba/471ac7] Submitted process > NFCORE_SAREK:SAREK:MARKDUPLICATES:BAM_TO_CRAM:MOSDEPTH (test7)
[3b/669b2d] Submitted process > NFCORE_SAREK:SAREK:MARKDUPLICATES:BAM_TO_CRAM:SAMTOOLS_STATS_CRAM (test7)
[1e/093dc8] Submitted process > NFCORE_SAREK:SAREK:PREPARE_RECALIBRATION:BASERECALIBRATOR (test7)
[7b/2ae353] Submitted process > NFCORE_SAREK:SAREK:MARKDUPLICATES:BAM_TO_CRAM:SAMTOOLS_BAMTOCRAM (test4)
[b4/bee410] Submitted process > NFCORE_SAREK:SAREK:MARKDUPLICATES:BAM_TO_CRAM:SAMTOOLS_STATS_CRAM (test8)
[41/c18561] Submitted process > NFCORE_SAREK:SAREK:MARKDUPLICATES:BAM_TO_CRAM:MOSDEPTH (test8)
[71/24805c] Submitted process > NFCORE_SAREK:SAREK:PREPARE_RECALIBRATION:BASERECALIBRATOR (test8)
[d3/ad59aa] Submitted process > NFCORE_SAREK:SAREK:MARKDUPLICATES:BAM_TO_CRAM:SAMTOOLS_BAMTOCRAM (test3)
[46/66300f] Submitted process > NFCORE_SAREK:SAREK:RECALIBRATE:APPLYBQSR (test2)
[73/bd33ea] Submitted process > NFCORE_SAREK:SAREK:MARKDUPLICATES:BAM_TO_CRAM:MOSDEPTH (test4)
[ec/792819] Submitted process > NFCORE_SAREK:SAREK:MARKDUPLICATES:BAM_TO_CRAM:SAMTOOLS_STATS_CRAM (test4)
[ee/36adc8] Submitted process > NFCORE_SAREK:SAREK:PREPARE_RECALIBRATION:BASERECALIBRATOR (test4)
[e2/ed384c] Submitted process > NFCORE_SAREK:SAREK:RECALIBRATE:APPLYBQSR (test1)
[78/3dd809] Submitted process > NFCORE_SAREK:SAREK:PREPARE_RECALIBRATION:BASERECALIBRATOR (test3)
[c4/8a4052] Submitted process > NFCORE_SAREK:SAREK:MARKDUPLICATES:BAM_TO_CRAM:SAMTOOLS_STATS_CRAM (test3)
[1b/e49300] Submitted process > NFCORE_SAREK:SAREK:MARKDUPLICATES:BAM_TO_CRAM:MOSDEPTH (test3)
[b4/b84a15] Submitted process > NFCORE_SAREK:SAREK:RECALIBRATE:APPLYBQSR (test7)
[01/c83afb] Submitted process > NFCORE_SAREK:SAREK:RECALIBRATE:APPLYBQSR (test8)
[8e/3a068b] Submitted process > NFCORE_SAREK:SAREK:RECALIBRATE:MERGE_INDEX_CRAM:INDEX_CRAM (test2)
[50/a5df8d] Submitted process > NFCORE_SAREK:SAREK:RECALIBRATE:APPLYBQSR (test4)
[e0/a0adbf] Submitted process > NFCORE_SAREK:SAREK:RECALIBRATE:MERGE_INDEX_CRAM:INDEX_CRAM (test1)
[75/ec1802] Submitted process > NFCORE_SAREK:SAREK:GERMLINE_VARIANT_CALLING:RUN_STRELKA_SINGLE:STRELKA_SINGLE (test2)
[6e/8199e1] Submitted process > NFCORE_SAREK:SAREK:CRAM_QC:SAMTOOLS_STATS (test2)
[f8/fb075b] Submitted process > NFCORE_SAREK:SAREK:CRAM_QC:MOSDEPTH (test2)
[7f/483e33] Submitted process > NFCORE_SAREK:SAREK:RECALIBRATE:APPLYBQSR (test3)
[45/7a6f7a] Submitted process > NFCORE_SAREK:SAREK:RECALIBRATE:MERGE_INDEX_CRAM:INDEX_CRAM (test7)
[bb/7ed4cd] Submitted process > NFCORE_SAREK:SAREK:RECALIBRATE:MERGE_INDEX_CRAM:INDEX_CRAM (test8)
[70/a07157] Submitted process > NFCORE_SAREK:SAREK:GERMLINE_VARIANT_CALLING:RUN_STRELKA_SINGLE:STRELKA_SINGLE (test1)
[6f/f3e4b1] Submitted process > NFCORE_SAREK:SAREK:CRAM_QC:SAMTOOLS_STATS (test1)
[c6/ff5e68] Submitted process > NFCORE_SAREK:SAREK:CRAM_QC:MOSDEPTH (test1)
[6b/2d76ca] Submitted process > NFCORE_SAREK:SAREK:RECALIBRATE:MERGE_INDEX_CRAM:INDEX_CRAM (test4)
[a2/7482f6] Submitted process > NFCORE_SAREK:SAREK:VCF_QC:BCFTOOLS_STATS (test2)
[c6/dd8964] Submitted process > NFCORE_SAREK:SAREK:VCF_QC:VCFTOOLS_TSTV_COUNT (test2)
[30/c9bafb] Submitted process > NFCORE_SAREK:SAREK:VCF_QC:VCFTOOLS_SUMMARY (test2)
[3e/a952dd] Submitted process > NFCORE_SAREK:SAREK:VCF_QC:VCFTOOLS_TSTV_QUAL (test2)
[e3/d73b9c] Submitted process > NFCORE_SAREK:SAREK:GERMLINE_VARIANT_CALLING:RUN_STRELKA_SINGLE:STRELKA_SINGLE (test7)
[51/2ee73f] Submitted process > NFCORE_SAREK:SAREK:CRAM_QC:MOSDEPTH (test7)
[a4/d97537] Submitted process > NFCORE_SAREK:SAREK:CRAM_QC:SAMTOOLS_STATS (test7)
[25/76f204] Submitted process > NFCORE_SAREK:SAREK:CRAM_QC:MOSDEPTH (test8)
[cb/2351bc] Submitted process > NFCORE_SAREK:SAREK:GERMLINE_VARIANT_CALLING:RUN_STRELKA_SINGLE:STRELKA_SINGLE (test8)
[6a/68f9f2] Submitted process > NFCORE_SAREK:SAREK:CRAM_QC:SAMTOOLS_STATS (test8)
[6e/a2765c] Submitted process > NFCORE_SAREK:SAREK:VCF_QC:BCFTOOLS_STATS (test1)
[50/43a4b4] Submitted process > NFCORE_SAREK:SAREK:VCF_QC:VCFTOOLS_SUMMARY (test1)
[10/64122a] Submitted process > NFCORE_SAREK:SAREK:VCF_QC:VCFTOOLS_TSTV_COUNT (test1)
[1b/a5032a] Submitted process > NFCORE_SAREK:SAREK:VCF_QC:VCFTOOLS_TSTV_QUAL (test1)
[be/da3ef0] Submitted process > NFCORE_SAREK:SAREK:CRAM_QC:MOSDEPTH (test4)
[b8/6d205b] Submitted process > NFCORE_SAREK:SAREK:CRAM_QC:SAMTOOLS_STATS (test4)
[6d/fa08d2] Submitted process > NFCORE_SAREK:SAREK:PAIR_VARIANT_CALLING:RUN_STRELKA_SOMATIC:STRELKA_SOMATIC (test4_vs_test8)
[6e/7198b0] Submitted process > NFCORE_SAREK:SAREK:VCF_QC:VCFTOOLS_TSTV_COUNT (test7)
[c5/0ec2fd] Submitted process > NFCORE_SAREK:SAREK:VCF_QC:BCFTOOLS_STATS (test7)
[49/955ff8] Submitted process > NFCORE_SAREK:SAREK:VCF_QC:VCFTOOLS_SUMMARY (test7)
[27/1e5c07] Submitted process > NFCORE_SAREK:SAREK:VCF_QC:VCFTOOLS_TSTV_QUAL (test7)
[e2/c5b3ee] Submitted process > NFCORE_SAREK:SAREK:RECALIBRATE:MERGE_INDEX_CRAM:INDEX_CRAM (test3)
[99/3a27bc] Submitted process > NFCORE_SAREK:SAREK:VCF_QC:VCFTOOLS_TSTV_COUNT (test8)
[02/7256ba] Submitted process > NFCORE_SAREK:SAREK:VCF_QC:VCFTOOLS_SUMMARY (test8)
[cd/4e2e09] Submitted process > NFCORE_SAREK:SAREK:VCF_QC:BCFTOOLS_STATS (test8)
[da/0466dd] Submitted process > NFCORE_SAREK:SAREK:VCF_QC:VCFTOOLS_TSTV_QUAL (test8)
[95/fb1eda] Submitted process > NFCORE_SAREK:SAREK:VCF_QC:BCFTOOLS_STATS (test4_vs_test8)
[13/06658d] Submitted process > NFCORE_SAREK:SAREK:VCF_QC:BCFTOOLS_STATS (test4_vs_test8)
[c9/db7b71] Submitted process > NFCORE_SAREK:SAREK:VCF_QC:VCFTOOLS_TSTV_QUAL (test4_vs_test8)
[6f/c9ab92] Submitted process > NFCORE_SAREK:SAREK:VCF_QC:VCFTOOLS_SUMMARY (test4_vs_test8)
[e2/79da7f] Submitted process > NFCORE_SAREK:SAREK:VCF_QC:VCFTOOLS_TSTV_QUAL (test4_vs_test8)
[79/a60971] Submitted process > NFCORE_SAREK:SAREK:VCF_QC:VCFTOOLS_TSTV_COUNT (test4_vs_test8)
[fc/46662f] Submitted process > NFCORE_SAREK:SAREK:VCF_QC:VCFTOOLS_SUMMARY (test4_vs_test8)
[e8/097fb0] Submitted process > NFCORE_SAREK:SAREK:VCF_QC:VCFTOOLS_TSTV_COUNT (test4_vs_test8)
[88/f3c09b] Submitted process > NFCORE_SAREK:SAREK:CRAM_QC:MOSDEPTH (test3)
[a4/f8e1ba] Submitted process > NFCORE_SAREK:SAREK:PAIR_VARIANT_CALLING:RUN_STRELKA_SOMATIC:STRELKA_SOMATIC (test3_vs_test8)
[73/2a6f23] Submitted process > NFCORE_SAREK:SAREK:CRAM_QC:SAMTOOLS_STATS (test3)
